<?xml version="1.0" encoding="UTF-8"?>
<!-- Generated by org.testng.reporters.JUnitReportReporter -->
<testsuite skipped="0" hostname="DESKTOP-RN62EUK" name="CrossBrowser" tests="2" failures="0" timestamp="12 Oct 2022 01:39:30 GMT" time="12.023" errors="0">
  <testcase name="setup" time="7.224" classname="CrossBrowser"/>
  <testcase name="setup" time="4.799" classname="CrossBrowser"/>
</testsuite> <!-- CrossBrowser -->
